<?xml version="1.0" encoding="UTF-8"?>
<!-- Generated by org.testng.reporters.JUnitReportReporter -->
<testsuite hostname="Jayashree" failures="0" tests="1" name="selenium.practices.HardAssertionTestNG" time="4.505" errors="0" timestamp="2024-04-16T18:53:06 GST" skipped="0">
  <testcase classname="selenium.practices.HardAssertionTestNG" name="verufyHomePageTitle" time="4.505"/>
  <system-out/>
</testsuite> <!-- selenium.practices.HardAssertionTestNG -->
